# JRE version: OpenJDK Runtime Environment Temurin-17.0.15+6 (17.0.15+6) (build 17.0.15+6)
# Java VM: OpenJDK 64-Bit Server VM Temurin-17.0.15+6 (17.0.15+6, mixed mode, sharing, tiered, compressed oops, compressed class ptrs, g1 gc, windows-amd64)
GC Precious Log:
 CPUs: 8 total, 8 available
 Memory: 7834M
 Large Page Support: Disabled
 NUMA Support: Disabled
 Compressed Oops: Enabled (Zero based)
 Heap Region Size: 4M
 Heap Min Capacity: 8M
 Heap Initial Capacity: 124M
 Heap Max Capacity: 8G
 Pre-touch: Disabled
 Parallel Workers: 8
 Concurrent Workers: 2
 Concurrent Refinement Workers: 8
 Periodic GC: Disabled
Heap:
 garbage-first heap   total 786432K, used 282312K [0x0000000600000000, 0x0000000800000000)
  region size 4096K, 2 young (8192K), 2 survivors (8192K)
 Metaspace       used 169419K, committed 170816K, reserved 1245184K
  class space    used 22107K, committed 22720K, reserved 1048576K
GC Heap History (20 events):
Event: 121.462 GC heap after
{Heap after GC invocations=54 (full 0):
 garbage-first heap   total 393216K, used 208668K [0x0000000600000000, 0x0000000800000000)
  region size 4096K, 2 young (8192K), 2 survivors (8192K)
 Metaspace       used 138276K, committed 139200K, reserved 1179648K
  class space    used 18246K, committed 18688K, reserved 1048576K
}
Event: 121.685 GC heap before
{Heap before GC invocations=54 (full 0):
 garbage-first heap   total 393216K, used 212764K [0x0000000600000000, 0x0000000800000000)
  region size 4096K, 4 young (16384K), 2 survivors (8192K)
 Metaspace       used 139632K, committed 140608K, reserved 1179648K
  class space    used 18383K, committed 18816K, reserved 1048576K
}
Event: 121.756 GC heap after
{Heap after GC invocations=55 (full 0):
 garbage-first heap   total 393216K, used 208431K [0x0000000600000000, 0x0000000800000000)
  region size 4096K, 1 young (4096K), 1 survivors (4096K)
 Metaspace       used 139632K, committed 140608K, reserved 1179648K
  class space    used 18383K, committed 18816K, reserved 1048576K
}
Event: 130.168 GC heap before
{Heap before GC invocations=55 (full 0):
 garbage-first heap   total 393216K, used 314927K [0x0000000600000000, 0x0000000800000000)
  region size 4096K, 27 young (110592K), 1 survivors (4096K)
 Metaspace       used 149328K, committed 150272K, reserved 1179648K
  class space    used 19553K, committed 19968K, reserved 1048576K
}
Event: 130.254 GC heap after
{Heap after GC invocations=56 (full 0):
 garbage-first heap   total 786432K, used 210576K [0x0000000600000000, 0x0000000800000000)
  region size 4096K, 1 young (4096K), 1 survivors (4096K)
 Metaspace       used 149328K, committed 150272K, reserved 1179648K
  class space    used 19553K, committed 19968K, reserved 1048576K
}
Event: 149.797 GC heap before
{Heap before GC invocations=56 (full 0):
 garbage-first heap   total 786432K, used 534160K [0x0000000600000000, 0x0000000800000000)
  region size 4096K, 80 young (327680K), 1 survivors (4096K)
 Metaspace       used 158807K, committed 160000K, reserved 1245184K
  class space    used 20953K, committed 21504K, reserved 1048576K
}
Event: 150.576 GC heap after
{Heap after GC invocations=57 (full 0):
 garbage-first heap   total 786432K, used 243853K [0x0000000600000000, 0x0000000800000000)
  region size 4096K, 8 young (32768K), 8 survivors (32768K)
 Metaspace       used 158807K, committed 160000K, reserved 1245184K
  class space    used 20953K, committed 21504K, reserved 1048576K
}
Event: 151.170 GC heap before
{Heap before GC invocations=57 (full 0):
 garbage-first heap   total 786432K, used 256141K [0x0000000600000000, 0x0000000800000000)
  region size 4096K, 11 young (45056K), 8 survivors (32768K)
 Metaspace       used 158807K, committed 160000K, reserved 1245184K
  class space    used 20953K, committed 21504K, reserved 1048576K
}
Event: 151.465 GC heap after
{Heap after GC invocations=58 (full 0):
 garbage-first heap   total 786432K, used 245855K [0x0000000600000000, 0x0000000800000000)
  region size 4096K, 1 young (4096K), 1 survivors (4096K)
 Metaspace       used 158807K, committed 160000K, reserved 1245184K
  class space    used 20953K, committed 21504K, reserved 1048576K
}
Event: 157.697 GC heap before
{Heap before GC invocations=58 (full 0):
 garbage-first heap   total 786432K, used 348255K [0x0000000600000000, 0x0000000800000000)
  region size 4096K, 26 young (106496K), 1 survivors (4096K)
 Metaspace       used 159116K, committed 160384K, reserved 1245184K
  class space    used 20984K, committed 21568K, reserved 1048576K
}
Event: 157.804 GC heap after
{Heap after GC invocations=59 (full 0):
 garbage-first heap   total 786432K, used 256870K [0x0000000600000000, 0x0000000800000000)
  region size 4096K, 3 young (12288K), 3 survivors (12288K)
 Metaspace       used 159116K, committed 160384K, reserved 1245184K
  class space    used 20984K, committed 21568K, reserved 1048576K
}
Event: 170.497 GC heap before
{Heap before GC invocations=59 (full 0):
 garbage-first heap   total 786432K, used 342886K [0x0000000600000000, 0x0000000800000000)
  region size 4096K, 25 young (102400K), 3 survivors (12288K)
 Metaspace       used 159614K, committed 160960K, reserved 1245184K
  class space    used 21034K, committed 21696K, reserved 1048576K
}
Event: 170.605 GC heap after
{Heap after GC invocations=60 (full 0):
 garbage-first heap   total 786432K, used 264806K [0x0000000600000000, 0x0000000800000000)
  region size 4096K, 3 young (12288K), 3 survivors (12288K)
 Metaspace       used 159614K, committed 160960K, reserved 1245184K
  class space    used 21034K, committed 21696K, reserved 1048576K
}
Event: 177.867 GC heap before
{Heap before GC invocations=60 (full 0):
 garbage-first heap   total 786432K, used 375398K [0x0000000600000000, 0x0000000800000000)
  region size 4096K, 31 young (126976K), 3 survivors (12288K)
 Metaspace       used 159809K, committed 161152K, reserved 1245184K
  class space    used 21060K, committed 21696K, reserved 1048576K
}
Event: 177.956 GC heap after
{Heap after GC invocations=61 (full 0):
 garbage-first heap   total 786432K, used 269301K [0x0000000600000000, 0x0000000800000000)
  region size 4096K, 2 young (8192K), 2 survivors (8192K)
 Metaspace       used 159809K, committed 161152K, reserved 1245184K
  class space    used 21060K, committed 21696K, reserved 1048576K
}
Event: 280.996 GC heap before
{Heap before GC invocations=61 (full 0):
 garbage-first heap   total 786432K, used 482293K [0x0000000600000000, 0x0000000800000000)
  region size 4096K, 55 young (225280K), 2 survivors (8192K)
 Metaspace       used 169148K, committed 170496K, reserved 1245184K
  class space    used 22104K, committed 22720K, reserved 1048576K
}
Event: 282.387 GC heap after
{Heap after GC invocations=62 (full 0):
 garbage-first heap   total 786432K, used 278685K [0x0000000600000000, 0x0000000800000000)
  region size 4096K, 7 young (28672K), 7 survivors (28672K)
 Metaspace       used 169148K, committed 170496K, reserved 1245184K
  class space    used 22104K, committed 22720K, reserved 1048576K
}
Event: 287.467 GC heap before
{Heap before GC invocations=62 (full 0):
 garbage-first heap   total 786432K, used 286877K [0x0000000600000000, 0x0000000800000000)
  region size 4096K, 9 young (36864K), 7 survivors (28672K)
 Metaspace       used 169234K, committed 170560K, reserved 1245184K
  class space    used 22107K, committed 22720K, reserved 1048576K
}
Event: 287.604 GC heap after
{Heap after GC invocations=63 (full 0):
 garbage-first heap   total 786432K, used 282178K [0x0000000600000000, 0x0000000800000000)
  region size 4096K, 1 young (4096K), 1 survivors (4096K)
 Metaspace       used 169234K, committed 170560K, reserved 1245184K
  class space    used 22107K, committed 22720K, reserved 1048576K
}
Event: 296.169 GC heap before
{Heap before GC invocations=63 (full 0):
 garbage-first heap   total 786432K, used 331330K [0x0000000600000000, 0x0000000800000000)
  region size 4096K, 13 young (53248K), 1 survivors (4096K)
 Metaspace       used 169419K, committed 170816K, reserved 1245184K
  class space    used 22107K, committed 22720K, reserved 1048576K
}

