# JRE version: OpenJDK Runtime Environment Temurin-17.0.15+6 (17.0.15+6) (build 17.0.15+6)
# Java VM: OpenJDK 64-Bit Server VM Temurin-17.0.15+6 (17.0.15+6, mixed mode, sharing, tiered, compressed oops, compressed class ptrs, g1 gc, windows-amd64)
GC Precious Log:
 CPUs: 8 total, 8 available
 Memory: 7834M
 Large Page Support: Disabled
 NUMA Support: Disabled
 Compressed Oops: Enabled (Zero based)
 Heap Region Size: 4M
 Heap Min Capacity: 8M
 Heap Initial Capacity: 124M
 Heap Max Capacity: 8G
 Pre-touch: Disabled
 Parallel Workers: 8
 Concurrent Workers: 2
 Concurrent Refinement Workers: 8
 Periodic GC: Disabled
Heap:
 garbage-first heap   total 958464K, used 286948K [0x0000000600000000, 0x0000000800000000)
  region size 4096K, 5 young (20480K), 5 survivors (20480K)
 Metaspace       used 112419K, committed 113792K, reserved 1179648K
  class space    used 15267K, committed 15872K, reserved 1048576K
GC Heap History (20 events):
Event: 67.444 GC heap after
{Heap after GC invocations=52 (full 0):
 garbage-first heap   total 458752K, used 265858K [0x0000000600000000, 0x0000000800000000)
  region size 4096K, 4 young (16384K), 4 survivors (16384K)
 Metaspace       used 106846K, committed 108160K, reserved 1179648K
  class space    used 14758K, committed 15360K, reserved 1048576K
}
Event: 69.720 GC heap before
{Heap before GC invocations=52 (full 0):
 garbage-first heap   total 458752K, used 269954K [0x0000000600000000, 0x0000000800000000)
  region size 4096K, 6 young (24576K), 4 survivors (16384K)
 Metaspace       used 109884K, committed 111168K, reserved 1179648K
  class space    used 15119K, committed 15680K, reserved 1048576K
}
Event: 69.771 GC heap after
{Heap after GC invocations=53 (full 0):
 garbage-first heap   total 458752K, used 268575K [0x0000000600000000, 0x0000000800000000)
  region size 4096K, 1 young (4096K), 1 survivors (4096K)
 Metaspace       used 109884K, committed 111168K, reserved 1179648K
  class space    used 15119K, committed 15680K, reserved 1048576K
}
Event: 87.736 GC heap before
{Heap before GC invocations=54 (full 0):
 garbage-first heap   total 479232K, used 370975K [0x0000000600000000, 0x0000000800000000)
  region size 4096K, 26 young (106496K), 1 survivors (4096K)
 Metaspace       used 111588K, committed 112960K, reserved 1179648K
  class space    used 15215K, committed 15808K, reserved 1048576K
}
Event: 87.909 GC heap after
{Heap after GC invocations=55 (full 0):
 garbage-first heap   total 479232K, used 273980K [0x0000000600000000, 0x0000000800000000)
  region size 4096K, 2 young (8192K), 2 survivors (8192K)
 Metaspace       used 111588K, committed 112960K, reserved 1179648K
  class space    used 15215K, committed 15808K, reserved 1048576K
}
Event: 89.035 GC heap before
{Heap before GC invocations=55 (full 0):
 garbage-first heap   total 479232K, used 286268K [0x0000000600000000, 0x0000000800000000)
  region size 4096K, 5 young (20480K), 2 survivors (8192K)
 Metaspace       used 111595K, committed 112960K, reserved 1179648K
  class space    used 15215K, committed 15808K, reserved 1048576K
}
Event: 89.642 GC heap after
{Heap after GC invocations=56 (full 0):
 garbage-first heap   total 479232K, used 243869K [0x0000000600000000, 0x0000000800000000)
  region size 4096K, 1 young (4096K), 1 survivors (4096K)
 Metaspace       used 111595K, committed 112960K, reserved 1179648K
  class space    used 15215K, committed 15808K, reserved 1048576K
}
Event: 92.740 GC heap before
{Heap before GC invocations=56 (full 0):
 garbage-first heap   total 479232K, used 260253K [0x0000000600000000, 0x0000000800000000)
  region size 4096K, 5 young (20480K), 1 survivors (4096K)
 Metaspace       used 111649K, committed 112960K, reserved 1179648K
  class space    used 15218K, committed 15808K, reserved 1048576K
}
Event: 92.876 GC heap after
{Heap after GC invocations=57 (full 0):
 garbage-first heap   total 479232K, used 238462K [0x0000000600000000, 0x0000000800000000)
  region size 4096K, 1 young (4096K), 1 survivors (4096K)
 Metaspace       used 111649K, committed 112960K, reserved 1179648K
  class space    used 15218K, committed 15808K, reserved 1048576K
}
Event: 98.252 GC heap before
{Heap before GC invocations=57 (full 0):
 garbage-first heap   total 479232K, used 254846K [0x0000000600000000, 0x0000000800000000)
  region size 4096K, 5 young (20480K), 1 survivors (4096K)
 Metaspace       used 111685K, committed 112960K, reserved 1179648K
  class space    used 15218K, committed 15808K, reserved 1048576K
}
Event: 98.386 GC heap after
{Heap after GC invocations=58 (full 0):
 garbage-first heap   total 958464K, used 234953K [0x0000000600000000, 0x0000000800000000)
  region size 4096K, 1 young (4096K), 1 survivors (4096K)
 Metaspace       used 111685K, committed 112960K, reserved 1179648K
  class space    used 15218K, committed 15808K, reserved 1048576K
}
Event: 104.692 GC heap before
{Heap before GC invocations=58 (full 0):
 garbage-first heap   total 958464K, used 390601K [0x0000000600000000, 0x0000000800000000)
  region size 4096K, 39 young (159744K), 1 survivors (4096K)
 Metaspace       used 111925K, committed 113216K, reserved 1179648K
  class space    used 15234K, committed 15808K, reserved 1048576K
}
Event: 104.751 GC heap after
{Heap after GC invocations=59 (full 0):
 garbage-first heap   total 958464K, used 246429K [0x0000000600000000, 0x0000000800000000)
  region size 4096K, 4 young (16384K), 4 survivors (16384K)
 Metaspace       used 111925K, committed 113216K, reserved 1179648K
  class space    used 15234K, committed 15808K, reserved 1048576K
}
Event: 110.882 GC heap before
{Heap before GC invocations=60 (full 0):
 garbage-first heap   total 958464K, used 397981K [0x0000000600000000, 0x0000000800000000)
  region size 4096K, 41 young (167936K), 4 survivors (16384K)
 Metaspace       used 112162K, committed 113536K, reserved 1179648K
  class space    used 15254K, committed 15872K, reserved 1048576K
}
Event: 111.137 GC heap after
{Heap after GC invocations=61 (full 0):
 garbage-first heap   total 958464K, used 267686K [0x0000000600000000, 0x0000000800000000)
  region size 4096K, 6 young (24576K), 6 survivors (24576K)
 Metaspace       used 112162K, committed 113536K, reserved 1179648K
  class space    used 15254K, committed 15872K, reserved 1048576K
}
Event: 111.895 GC heap before
{Heap before GC invocations=61 (full 0):
 garbage-first heap   total 958464K, used 288166K [0x0000000600000000, 0x0000000800000000)
  region size 4096K, 11 young (45056K), 6 survivors (24576K)
 Metaspace       used 112175K, committed 113536K, reserved 1179648K
  class space    used 15254K, committed 15872K, reserved 1048576K
}
Event: 112.123 GC heap after
{Heap after GC invocations=62 (full 0):
 garbage-first heap   total 958464K, used 272336K [0x0000000600000000, 0x0000000800000000)
  region size 4096K, 2 young (8192K), 2 survivors (8192K)
 Metaspace       used 112175K, committed 113536K, reserved 1179648K
  class space    used 15254K, committed 15872K, reserved 1048576K
}
Event: 114.056 GC heap before
{Heap before GC invocations=62 (full 0):
 garbage-first heap   total 958464K, used 309200K [0x0000000600000000, 0x0000000800000000)
  region size 4096K, 11 young (45056K), 2 survivors (8192K)
 Metaspace       used 112189K, committed 113536K, reserved 1179648K
  class space    used 15254K, committed 15872K, reserved 1048576K
}
Event: 114.170 GC heap after
{Heap after GC invocations=63 (full 0):
 garbage-first heap   total 958464K, used 273864K [0x0000000600000000, 0x0000000800000000)
  region size 4096K, 2 young (8192K), 2 survivors (8192K)
 Metaspace       used 112189K, committed 113536K, reserved 1179648K
  class space    used 15254K, committed 15872K, reserved 1048576K
}
Event: 124.626 GC heap before
{Heap before GC invocations=63 (full 0):
 garbage-first heap   total 958464K, used 466376K [0x0000000600000000, 0x0000000800000000)
  region size 4096K, 50 young (204800K), 2 survivors (8192K)
 Metaspace       used 112419K, committed 113792K, reserved 1179648K
  class space    used 15267K, committed 15872K, reserved 1048576K
}

